#
# A fatal error has been detected by the Java Runtime Environment:
#
#  EXCEPTION_ACCESS_VIOLATION (0xc0000005) at pc=0x00007fff0654ec44, pid=14604, tid=10224
#
# JRE version: OpenJDK Runtime Environment Zulu13.35+51-CA (13.0.5.1+1) (build 13.0.5.1+1-MTS)
# Java VM: OpenJDK 64-Bit Server VM Zulu13.35+51-CA (13.0.5.1+1-MTS, mixed mode, sharing, tiered, compressed oops, g1 gc, windows-amd64)
# Problematic frame:
# C  [atio6axx.dll+0x93ec44]
#
# No core dump will be written. Minidumps are not enabled by default on client versions of Windows
#
# If you would like to submit a bug report, please visit:
#   http://www.azulsystems.com/support/
# The crash happened outside the Java Virtual Machine in native code.
# See problematic frame for where to report the bug.
#

---------------  S U M M A R Y ------------

Command Line: -Dfile.encoding=windows-1252 -Duser.country=US -Duser.language=en -Duser.variant educanet.Main

Host: Intel(R) Core(TM) i5-9400F CPU @ 2.90GHz, 6 cores, 15G,  Windows 10 , 64 bit Build 19041 (10.0.19041.928)
Time: Fri Jun  4 23:01:24 2021 Central Europe Daylight Time elapsed time: 13 seconds (0d 0h 0m 13s)

---------------  T H R E A D  ---------------

Current thread (0x000002573a88b800):  JavaThread "main" [_thread_in_native, id=10224, stack(0x0000009073000000,0x0000009073100000)]

Stack: [0x0000009073000000,0x0000009073100000],  sp=0x00000090730fed30,  free space=1019k
Native frames: (J=compiled Java code, j=interpreted, Vv=VM code, C=native code)
C  [atio6axx.dll+0x93ec44]

Java frames: (J=compiled Java code, j=interpreted, Vv=VM code)
J 896  org.lwjgl.system.JNI.invokeV(J)V (0 bytes) @ 0x000002574aba7711 [0x000002574aba76c0+0x0000000000000051]
J 913% c1 educanet.Main.main([Ljava/lang/String;)V (168 bytes) @ 0x00000257437afc74 [0x00000257437ae960+0x0000000000001314]
v  ~StubRoutines::call_stub

siginfo: EXCEPTION_ACCESS_VIOLATION (0xc0000005), reading address 0x0000025700000019


Register to memory mapping:

RIP=0x00007fff0654ec44 atio6axx.dll
RAX=0x00007fff083e76d8 atio6axx.dll
RBX=0x0000025700000000 is an unknown value
RCX=0x00000257632cbb50 points into unknown readable memory: 78 5d 3e 08 ff 7f 00 00
RDX=0x0000025738630000 points into unknown readable memory: 00 00 00 00 00 00 00 00
RSP=0x00000090730fed30 is pointing into the stack for thread: 0x000002573a88b800
RBP=0x0 is NULL
RSI=0x0000000000000001 is an unknown value
RDI=0x00000257682169a0 points into unknown readable memory: 50 bb 2c 63 57 02 00 00
R8 =0x00000257385b0e40 points into unknown readable memory: c0 0c 5b 38 57 02 00 00
R9 =0x0000000000000001 is an unknown value
R10=0x0000000000008000 is an unknown value
R11=0x00000090730fecf0 is pointing into the stack for thread: 0x000002573a88b800
R12=0x0 is NULL
R13=0x0 is NULL
R14=0x0 is NULL
R15=0x0 is NULL


Registers:
RAX=0x00007fff083e76d8, RBX=0x0000025700000000, RCX=0x00000257632cbb50, RDX=0x0000025738630000
RSP=0x00000090730fed30, RBP=0x0000000000000000, RSI=0x0000000000000001, RDI=0x00000257682169a0
R8 =0x00000257385b0e40, R9 =0x0000000000000001, R10=0x0000000000008000, R11=0x00000090730fecf0
R12=0x0000000000000000, R13=0x0000000000000000, R14=0x0000000000000000, R15=0x0000000000000000
RIP=0x00007fff0654ec44, EFLAGS=0x0000000000010206

Top of Stack: (sp=0x00000090730fed30)
0x00000090730fed30:   0000000000000000 0000000000000000
0x00000090730fed40:   0000000000000000 00007fff87c747b1
0x00000090730fed50:   0000025768216740 00007fff073ac13f
0x00000090730fed60:   0000025768216740 0000000000000001
0x00000090730fed70:   0000000000000000 00007fff06ffb5d7
0x00000090730fed80:   00000257632c1500 00007fff073b9bb2
0x00000090730fed90:   0000000000000000 0000025700000000
0x00000090730feda0:   0000025762c7b880 00000257632d1b10
0x00000090730fedb0:   0000025768216740 00007fff06fa9277
0x00000090730fedc0:   00000257632c1500 0000000000000000
0x00000090730fedd0:   0000025762b50a60 0000025762b50a60
0x00000090730fede0:   0000025762b50a60 00007fff06ffa92e
0x00000090730fedf0:   0000025762986e70 0000025762c7b890
0x00000090730fee00:   00000257627b03b0 0000025762c7b880
0x00000090730fee10:   0000025762b50a60 00007fff06ffc4f0
0x00000090730fee20:   0000025762b50a60 0000025762c7b880 

Instructions: (pc=0x00007fff0654ec44)
0x00007fff0654eb44:   1f 40 00 66 0f 1f 84 00 00 00 00 00 4c 8b d8 48
0x00007fff0654eb54:   8b d8 4c 8b c2 48 3b 08 75 16 48 8b c8 49 89 01
0x00007fff0654eb64:   48 8b 40 08 48 8b d1 4c 8b c1 80 78 19 00 74 dc
0x00007fff0654eb74:   48 8b 1c 24 41 80 78 19 00 75 31 49 89 01 49 8b
0x00007fff0654eb84:   c2 48 83 c4 08 c3 48 8b 41 10 80 78 19 00 75 19
0x00007fff0654eb94:   0f 1f 40 00 0f 1f 84 00 00 00 00 00 48 8b c8 48
0x00007fff0654eba4:   8b 40 10 80 78 19 00 74 f3 49 89 09 49 8b c2 48
0x00007fff0654ebb4:   83 c4 08 c3 cc cc cc cc cc cc cc cc 48 83 ec 28
0x00007fff0654ebc4:   4c 8b c9 48 8b c2 48 8b 4a 10 80 79 19 00 74 22
0x00007fff0654ebd4:   4c 8b 42 08 41 80 78 19 00 75 2d 90 49 3b 40 10
0x00007fff0654ebe4:   75 26 49 8b c0 4d 8b 40 08 41 80 78 19 00 74 ec
0x00007fff0654ebf4:   eb 16 48 8b 09 80 79 19 00 75 0d 90 48 8b 01 48
0x00007fff0654ec04:   8b c8 80 78 19 00 74 f4 49 8b c9 e8 7c f3 7c ff
0x00007fff0654ec14:   ba 30 00 00 00 48 8b c8 48 83 c4 28 e9 9f 8e 23
0x00007fff0654ec24:   01 cc cc cc cc cc cc cc cc cc cc cc 48 89 5c 24
0x00007fff0654ec34:   08 57 48 83 ec 20 48 8b f9 48 8b 09 48 8b 59 08
0x00007fff0654ec44:   80 7b 19 00 75 2e 66 0f 1f 44 00 00 4c 8b 43 10
0x00007fff0654ec54:   48 8b d7 48 8b cf e8 31 b7 f3 ff 48 8b cb ba 30
0x00007fff0654ec64:   00 00 00 48 8b 1b e8 55 8e 23 01 80 7b 19 00 74
0x00007fff0654ec74:   db 48 8b 0f ba 30 00 00 00 48 8b 5c 24 30 48 83
0x00007fff0654ec84:   c4 20 5f e9 38 8e 23 01 cc cc cc cc 48 89 5c 24
0x00007fff0654ec94:   10 57 48 83 ec 20 48 8b f9 48 8b 4a 08 48 85 c9
0x00007fff0654eca4:   74 08 f0 ff 41 08 48 8b 4a 08 48 8b 5f 08 48 8b
0x00007fff0654ecb4:   02 48 89 07 48 89 4f 08 48 85 db 74 44 48 89 74
0x00007fff0654ecc4:   24 30 be ff ff ff ff 8b c6 f0 0f c1 43 08 83 f8
0x00007fff0654ecd4:   01 75 1b 48 8b 03 48 8b cb ff 10 f0 0f c1 73 0c
0x00007fff0654ece4:   83 fe 01 75 09 48 8b 03 48 8b cb ff 50 08 48 8b
0x00007fff0654ecf4:   74 24 30 48 8b c7 48 8b 5c 24 38 48 83 c4 20 5f
0x00007fff0654ed04:   c3 48 8b 5c 24 38 48 8b c7 48 83 c4 20 5f c3 cc
0x00007fff0654ed14:   cc cc cc cc cc cc cc cc cc cc cc cc 40 53 48 83
0x00007fff0654ed24:   ec 20 48 8b da 4c 8b c1 0f b6 52 10 48 b9 b3 01
0x00007fff0654ed34:   00 00 00 01 00 00 48 b8 25 23 22 84 e4 9c f2 cb 


Stack slot to memory mapping:
stack at sp + 0 slots: 0x0 is NULL
stack at sp + 1 slots: 0x0 is NULL
stack at sp + 2 slots: 0x0 is NULL
stack at sp + 3 slots: 0x00007fff87c747b1 ntdll.dll
stack at sp + 4 slots: 0x0000025768216740 points into unknown readable memory: d8 76 3e 08 ff 7f 00 00
stack at sp + 5 slots: 0x00007fff073ac13f atio6axx.dll
stack at sp + 6 slots: 0x0000025768216740 points into unknown readable memory: d8 76 3e 08 ff 7f 00 00
stack at sp + 7 slots: 0x0000000000000001 is an unknown value


---------------  P R O C E S S  ---------------

Threads class SMR info:
_java_thread_list=0x000002575ec484d0, length=10, elements={
0x000002573a88b800, 0x000002575e23d800, 0x000002575e240800, 0x000002575e25c800,
0x000002575e25d800, 0x000002575e25e800, 0x000002575e269800, 0x000002575eb02000,
0x000002575ec42000, 0x000002575ec4b800
}

Java Threads: ( => current thread )
=>0x000002573a88b800 JavaThread "main" [_thread_in_native, id=10224, stack(0x0000009073000000,0x0000009073100000)]
  0x000002575e23d800 JavaThread "Reference Handler" daemon [_thread_blocked, id=12112, stack(0x0000009073700000,0x0000009073800000)]
  0x000002575e240800 JavaThread "Finalizer" daemon [_thread_blocked, id=16304, stack(0x0000009073800000,0x0000009073900000)]
  0x000002575e25c800 JavaThread "Signal Dispatcher" daemon [_thread_blocked, id=9436, stack(0x0000009073900000,0x0000009073a00000)]
  0x000002575e25d800 JavaThread "Attach Listener" daemon [_thread_blocked, id=13236, stack(0x0000009073a00000,0x0000009073b00000)]
  0x000002575e25e800 JavaThread "C2 CompilerThread0" daemon [_thread_blocked, id=13340, stack(0x0000009073b00000,0x0000009073c00000)]
  0x000002575e269800 JavaThread "C1 CompilerThread0" daemon [_thread_blocked, id=13588, stack(0x0000009073c00000,0x0000009073d00000)]
  0x000002575eb02000 JavaThread "Sweeper thread" daemon [_thread_blocked, id=6264, stack(0x0000009073d00000,0x0000009073e00000)]
  0x000002575ec42000 JavaThread "Service Thread" daemon [_thread_blocked, id=7720, stack(0x0000009073e00000,0x0000009073f00000)]
  0x000002575ec4b800 JavaThread "Common-Cleaner" daemon [_thread_blocked, id=6128, stack(0x0000009074000000,0x0000009074100000)]

Other Threads:
  0x000002575e23b800 VMThread "VM Thread" [stack: 0x0000009073600000,0x0000009073700000] [id=8856]
  0x000002575ec43000 WatcherThread [stack: 0x0000009073f00000,0x0000009074000000] [id=9144]
  0x000002573a8f6800 GCTaskThread "GC Thread#0" [stack: 0x0000009073100000,0x0000009073200000] [id=6720]
  0x0000025769392800 GCTaskThread "GC Thread#1" [stack: 0x0000009074400000,0x0000009074500000] [id=11648]
  0x000002576937f800 GCTaskThread "GC Thread#2" [stack: 0x0000009074500000,0x0000009074600000] [id=15636]
  0x00000257682a0000 GCTaskThread "GC Thread#3" [stack: 0x0000009074600000,0x0000009074700000] [id=6896]
  0x00000257681bc800 GCTaskThread "GC Thread#4" [stack: 0x0000009074700000,0x0000009074800000] [id=12360]
  0x00000257681bd000 GCTaskThread "GC Thread#5" [stack: 0x0000009074800000,0x0000009074900000] [id=2840]
  0x000002573a918800 ConcurrentGCThread "G1 Main Marker" [stack: 0x0000009073200000,0x0000009073300000] [id=15000]
  0x000002573a91b000 ConcurrentGCThread "G1 Conc#0" [stack: 0x0000009073300000,0x0000009073400000] [id=15036]
  0x000002575e136800 ConcurrentGCThread "G1 Refine#0" [stack: 0x0000009073400000,0x0000009073500000] [id=8928]
  0x000002575e138800 ConcurrentGCThread "G1 Young RemSet Sampling" [stack: 0x0000009073500000,0x0000009073600000] [id=8868]

Threads with active compile tasks:

VM state:not at safepoint (normal execution)

VM Mutex/Monitor currently owned by a thread: None

Heap address: 0x0000000701400000, size: 4076 MB, Compressed Oops mode: Zero based, Oop shift amount: 3
Narrow klass base: 0x0000000800000000, Narrow klass shift: 3
Compressed class space size: 1073741824 Address: 0x0000000800b20000

Heap:
 garbage-first heap   total 262144K, used 3109K [0x0000000701400000, 0x0000000800000000)
  region size 1024K, 5 young (5120K), 3 survivors (3072K)
 Metaspace       used 7273K, capacity 10036K, committed 10240K, reserved 1058816K
  class space    used 359K, capacity 649K, committed 768K, reserved 1048576K
Heap Regions: E=young(eden), S=young(survivor), O=old, HS=humongous(starts), HC=humongous(continues), CS=collection set, F=free, A=archive, TAMS=top-at-mark-start (previous, next)
|   0|0x0000000701400000, 0x0000000701400000, 0x0000000701500000|  0%| F|  |TAMS 0x0000000701400000, 0x0000000701400000| Untracked 
|   1|0x0000000701500000, 0x0000000701500000, 0x0000000701600000|  0%| F|  |TAMS 0x0000000701500000, 0x0000000701500000| Untracked 
|   2|0x0000000701600000, 0x0000000701600000, 0x0000000701700000|  0%| F|  |TAMS 0x0000000701600000, 0x0000000701600000| Untracked 
|   3|0x0000000701700000, 0x0000000701700000, 0x0000000701800000|  0%| F|  |TAMS 0x0000000701700000, 0x0000000701700000| Untracked 
|   4|0x0000000701800000, 0x0000000701800000, 0x0000000701900000|  0%| F|  |TAMS 0x0000000701800000, 0x0000000701800000| Untracked 
|   5|0x0000000701900000, 0x0000000701900000, 0x0000000701a00000|  0%| F|  |TAMS 0x0000000701900000, 0x0000000701900000| Untracked 
|   6|0x0000000701a00000, 0x0000000701a00000, 0x0000000701b00000|  0%| F|  |TAMS 0x0000000701a00000, 0x0000000701a00000| Untracked 
|   7|0x0000000701b00000, 0x0000000701b00000, 0x0000000701c00000|  0%| F|  |TAMS 0x0000000701b00000, 0x0000000701b00000| Untracked 
|   8|0x0000000701c00000, 0x0000000701c00000, 0x0000000701d00000|  0%| F|  |TAMS 0x0000000701c00000, 0x0000000701c00000| Untracked 
|   9|0x0000000701d00000, 0x0000000701d00000, 0x0000000701e00000|  0%| F|  |TAMS 0x0000000701d00000, 0x0000000701d00000| Untracked 
|  10|0x0000000701e00000, 0x0000000701e00000, 0x0000000701f00000|  0%| F|  |TAMS 0x0000000701e00000, 0x0000000701e00000| Untracked 
|  11|0x0000000701f00000, 0x0000000701f00000, 0x0000000702000000|  0%| F|  |TAMS 0x0000000701f00000, 0x0000000701f00000| Untracked 
|  12|0x0000000702000000, 0x0000000702000000, 0x0000000702100000|  0%| F|  |TAMS 0x0000000702000000, 0x0000000702000000| Untracked 
|  13|0x0000000702100000, 0x0000000702100000, 0x0000000702200000|  0%| F|  |TAMS 0x0000000702100000, 0x0000000702100000| Untracked 
|  14|0x0000000702200000, 0x0000000702200000, 0x0000000702300000|  0%| F|  |TAMS 0x0000000702200000, 0x0000000702200000| Untracked 
|  15|0x0000000702300000, 0x0000000702300000, 0x0000000702400000|  0%| F|  |TAMS 0x0000000702300000, 0x0000000702300000| Untracked 
|  16|0x0000000702400000, 0x0000000702400000, 0x0000000702500000|  0%| F|  |TAMS 0x0000000702400000, 0x0000000702400000| Untracked 
|  17|0x0000000702500000, 0x0000000702500000, 0x0000000702600000|  0%| F|  |TAMS 0x0000000702500000, 0x0000000702500000| Untracked 
|  18|0x0000000702600000, 0x0000000702600000, 0x0000000702700000|  0%| F|  |TAMS 0x0000000702600000, 0x0000000702600000| Untracked 
|  19|0x0000000702700000, 0x0000000702700000, 0x0000000702800000|  0%| F|  |TAMS 0x0000000702700000, 0x0000000702700000| Untracked 
|  20|0x0000000702800000, 0x0000000702800000, 0x0000000702900000|  0%| F|  |TAMS 0x0000000702800000, 0x0000000702800000| Untracked 
|  21|0x0000000702900000, 0x0000000702900000, 0x0000000702a00000|  0%| F|  |TAMS 0x0000000702900000, 0x0000000702900000| Untracked 
|  22|0x0000000702a00000, 0x0000000702a00000, 0x0000000702b00000|  0%| F|  |TAMS 0x0000000702a00000, 0x0000000702a00000| Untracked 
|  23|0x0000000702b00000, 0x0000000702b00000, 0x0000000702c00000|  0%| F|  |TAMS 0x0000000702b00000, 0x0000000702b00000| Untracked 
|  24|0x0000000702c00000, 0x0000000702c00000, 0x0000000702d00000|  0%| F|  |TAMS 0x0000000702c00000, 0x0000000702c00000| Untracked 
|  25|0x0000000702d00000, 0x0000000702d00000, 0x0000000702e00000|  0%| F|  |TAMS 0x0000000702d00000, 0x0000000702d00000| Untracked 
|  26|0x0000000702e00000, 0x0000000702e00000, 0x0000000702f00000|  0%| F|  |TAMS 0x0000000702e00000, 0x0000000702e00000| Untracked 
|  27|0x0000000702f00000, 0x0000000702f00000, 0x0000000703000000|  0%| F|  |TAMS 0x0000000702f00000, 0x0000000702f00000| Untracked 
|  28|0x0000000703000000, 0x0000000703000000, 0x0000000703100000|  0%| F|  |TAMS 0x0000000703000000, 0x0000000703000000| Untracked 
|  29|0x0000000703100000, 0x0000000703100000, 0x0000000703200000|  0%| F|  |TAMS 0x0000000703100000, 0x0000000703100000| Untracked 
|  30|0x0000000703200000, 0x0000000703200000, 0x0000000703300000|  0%| F|  |TAMS 0x0000000703200000, 0x0000000703200000| Untracked 
|  31|0x0000000703300000, 0x0000000703300000, 0x0000000703400000|  0%| F|  |TAMS 0x0000000703300000, 0x0000000703300000| Untracked 
|  32|0x0000000703400000, 0x0000000703400000, 0x0000000703500000|  0%| F|  |TAMS 0x0000000703400000, 0x0000000703400000| Untracked 
|  33|0x0000000703500000, 0x0000000703500000, 0x0000000703600000|  0%| F|  |TAMS 0x0000000703500000, 0x0000000703500000| Untracked 
|  34|0x0000000703600000, 0x0000000703600000, 0x0000000703700000|  0%| F|  |TAMS 0x0000000703600000, 0x0000000703600000| Untracked 
|  35|0x0000000703700000, 0x0000000703700000, 0x0000000703800000|  0%| F|  |TAMS 0x0000000703700000, 0x0000000703700000| Untracked 
|  36|0x0000000703800000, 0x0000000703800000, 0x0000000703900000|  0%| F|  |TAMS 0x0000000703800000, 0x0000000703800000| Untracked 
|  37|0x0000000703900000, 0x0000000703900000, 0x0000000703a00000|  0%| F|  |TAMS 0x0000000703900000, 0x0000000703900000| Untracked 
|  38|0x0000000703a00000, 0x0000000703a00000, 0x0000000703b00000|  0%| F|  |TAMS 0x0000000703a00000, 0x0000000703a00000| Untracked 
|  39|0x0000000703b00000, 0x0000000703b00000, 0x0000000703c00000|  0%| F|  |TAMS 0x0000000703b00000, 0x0000000703b00000| Untracked 
|  40|0x0000000703c00000, 0x0000000703c00000, 0x0000000703d00000|  0%| F|  |TAMS 0x0000000703c00000, 0x0000000703c00000| Untracked 
|  41|0x0000000703d00000, 0x0000000703d00000, 0x0000000703e00000|  0%| F|  |TAMS 0x0000000703d00000, 0x0000000703d00000| Untracked 
|  42|0x0000000703e00000, 0x0000000703e00000, 0x0000000703f00000|  0%| F|  |TAMS 0x0000000703e00000, 0x0000000703e00000| Untracked 
|  43|0x0000000703f00000, 0x0000000703f00000, 0x0000000704000000|  0%| F|  |TAMS 0x0000000703f00000, 0x0000000703f00000| Untracked 
|  44|0x0000000704000000, 0x0000000704000000, 0x0000000704100000|  0%| F|  |TAMS 0x0000000704000000, 0x0000000704000000| Untracked 
|  45|0x0000000704100000, 0x0000000704100000, 0x0000000704200000|  0%| F|  |TAMS 0x0000000704100000, 0x0000000704100000| Untracked 
|  46|0x0000000704200000, 0x0000000704200000, 0x0000000704300000|  0%| F|  |TAMS 0x0000000704200000, 0x0000000704200000| Untracked 
|  47|0x0000000704300000, 0x0000000704300000, 0x0000000704400000|  0%| F|  |TAMS 0x0000000704300000, 0x0000000704300000| Untracked 
|  48|0x0000000704400000, 0x0000000704400000, 0x0000000704500000|  0%| F|  |TAMS 0x0000000704400000, 0x0000000704400000| Untracked 
|  49|0x0000000704500000, 0x0000000704500000, 0x0000000704600000|  0%| F|  |TAMS 0x0000000704500000, 0x0000000704500000| Untracked 
|  50|0x0000000704600000, 0x0000000704600000, 0x0000000704700000|  0%| F|  |TAMS 0x0000000704600000, 0x0000000704600000| Untracked 
|  51|0x0000000704700000, 0x0000000704700000, 0x0000000704800000|  0%| F|  |TAMS 0x0000000704700000, 0x0000000704700000| Untracked 
|  52|0x0000000704800000, 0x0000000704800000, 0x0000000704900000|  0%| F|  |TAMS 0x0000000704800000, 0x0000000704800000| Untracked 
|  53|0x0000000704900000, 0x0000000704900000, 0x0000000704a00000|  0%| F|  |TAMS 0x0000000704900000, 0x0000000704900000| Untracked 
|  54|0x0000000704a00000, 0x0000000704a00000, 0x0000000704b00000|  0%| F|  |TAMS 0x0000000704a00000, 0x0000000704a00000| Untracked 
|  55|0x0000000704b00000, 0x0000000704b00000, 0x0000000704c00000|  0%| F|  |TAMS 0x0000000704b00000, 0x0000000704b00000| Untracked 
|  56|0x0000000704c00000, 0x0000000704c00000, 0x0000000704d00000|  0%| F|  |TAMS 0x0000000704c00000, 0x0000000704c00000| Untracked 
|  57|0x0000000704d00000, 0x0000000704d00000, 0x0000000704e00000|  0%| F|  |TAMS 0x0000000704d00000, 0x0000000704d00000| Untracked 
|  58|0x0000000704e00000, 0x0000000704e00000, 0x0000000704f00000|  0%| F|  |TAMS 0x0000000704e00000, 0x0000000704e00000| Untracked 
|  59|0x0000000704f00000, 0x0000000704f00000, 0x0000000705000000|  0%| F|  |TAMS 0x0000000704f00000, 0x0000000704f00000| Untracked 
|  60|0x0000000705000000, 0x0000000705000000, 0x0000000705100000|  0%| F|  |TAMS 0x0000000705000000, 0x0000000705000000| Untracked 
|  61|0x0000000705100000, 0x0000000705100000, 0x0000000705200000|  0%| F|  |TAMS 0x0000000705100000, 0x0000000705100000| Untracked 
|  62|0x0000000705200000, 0x0000000705200000, 0x0000000705300000|  0%| F|  |TAMS 0x0000000705200000, 0x0000000705200000| Untracked 
|  63|0x0000000705300000, 0x0000000705300000, 0x0000000705400000|  0%| F|  |TAMS 0x0000000705300000, 0x0000000705300000| Untracked 
|  64|0x0000000705400000, 0x0000000705400000, 0x0000000705500000|  0%| F|  |TAMS 0x0000000705400000, 0x0000000705400000| Untracked 
|  65|0x0000000705500000, 0x0000000705500000, 0x0000000705600000|  0%| F|  |TAMS 0x0000000705500000, 0x0000000705500000| Untracked 
|  66|0x0000000705600000, 0x0000000705600000, 0x0000000705700000|  0%| F|  |TAMS 0x0000000705600000, 0x0000000705600000| Untracked 
|  67|0x0000000705700000, 0x0000000705700000, 0x0000000705800000|  0%| F|  |TAMS 0x0000000705700000, 0x0000000705700000| Untracked 
|  68|0x0000000705800000, 0x0000000705800000, 0x0000000705900000|  0%| F|  |TAMS 0x0000000705800000, 0x0000000705800000| Untracked 
|  69|0x0000000705900000, 0x0000000705900000, 0x0000000705a00000|  0%| F|  |TAMS 0x0000000705900000, 0x0000000705900000| Untracked 
|  70|0x0000000705a00000, 0x0000000705a00000, 0x0000000705b00000|  0%| F|  |TAMS 0x0000000705a00000, 0x0000000705a00000| Untracked 
|  71|0x0000000705b00000, 0x0000000705b00000, 0x0000000705c00000|  0%| F|  |TAMS 0x0000000705b00000, 0x0000000705b00000| Untracked 
|  72|0x0000000705c00000, 0x0000000705c00000, 0x0000000705d00000|  0%| F|  |TAMS 0x0000000705c00000, 0x0000000705c00000| Untracked 
|  73|0x0000000705d00000, 0x0000000705d00000, 0x0000000705e00000|  0%| F|  |TAMS 0x0000000705d00000, 0x0000000705d00000| Untracked 
|  74|0x0000000705e00000, 0x0000000705e00000, 0x0000000705f00000|  0%| F|  |TAMS 0x0000000705e00000, 0x0000000705e00000| Untracked 
|  75|0x0000000705f00000, 0x0000000705f00000, 0x0000000706000000|  0%| F|  |TAMS 0x0000000705f00000, 0x0000000705f00000| Untracked 
|  76|0x0000000706000000, 0x0000000706000000, 0x0000000706100000|  0%| F|  |TAMS 0x0000000706000000, 0x0000000706000000| Untracked 
|  77|0x0000000706100000, 0x0000000706100000, 0x0000000706200000|  0%| F|  |TAMS 0x0000000706100000, 0x0000000706100000| Untracked 
|  78|0x0000000706200000, 0x0000000706200000, 0x0000000706300000|  0%| F|  |TAMS 0x0000000706200000, 0x0000000706200000| Untracked 
|  79|0x0000000706300000, 0x0000000706300000, 0x0000000706400000|  0%| F|  |TAMS 0x0000000706300000, 0x0000000706300000| Untracked 
|  80|0x0000000706400000, 0x0000000706400000, 0x0000000706500000|  0%| F|  |TAMS 0x0000000706400000, 0x0000000706400000| Untracked 
|  81|0x0000000706500000, 0x0000000706500000, 0x0000000706600000|  0%| F|  |TAMS 0x0000000706500000, 0x0000000706500000| Untracked 
|  82|0x0000000706600000, 0x0000000706600000, 0x0000000706700000|  0%| F|  |TAMS 0x0000000706600000, 0x0000000706600000| Untracked 
|  83|0x0000000706700000, 0x0000000706700000, 0x0000000706800000|  0%| F|  |TAMS 0x0000000706700000, 0x0000000706700000| Untracked 
|  84|0x0000000706800000, 0x0000000706800000, 0x0000000706900000|  0%| F|  |TAMS 0x0000000706800000, 0x0000000706800000| Untracked 
|  85|0x0000000706900000, 0x0000000706900000, 0x0000000706a00000|  0%| F|  |TAMS 0x0000000706900000, 0x0000000706900000| Untracked 
|  86|0x0000000706a00000, 0x0000000706a00000, 0x0000000706b00000|  0%| F|  |TAMS 0x0000000706a00000, 0x0000000706a00000| Untracked 
|  87|0x0000000706b00000, 0x0000000706b00000, 0x0000000706c00000|  0%| F|  |TAMS 0x0000000706b00000, 0x0000000706b00000| Untracked 
|  88|0x0000000706c00000, 0x0000000706c00000, 0x0000000706d00000|  0%| F|  |TAMS 0x0000000706c00000, 0x0000000706c00000| Untracked 
|  89|0x0000000706d00000, 0x0000000706d00000, 0x0000000706e00000|  0%| F|  |TAMS 0x0000000706d00000, 0x0000000706d00000| Untracked 
|  90|0x0000000706e00000, 0x0000000706e00000, 0x0000000706f00000|  0%| F|  |TAMS 0x0000000706e00000, 0x0000000706e00000| Untracked 
|  91|0x0000000706f00000, 0x0000000706f00000, 0x0000000707000000|  0%| F|  |TAMS 0x0000000706f00000, 0x0000000706f00000| Untracked 
|  92|0x0000000707000000, 0x0000000707000000, 0x0000000707100000|  0%| F|  |TAMS 0x0000000707000000, 0x0000000707000000| Untracked 
|  93|0x0000000707100000, 0x0000000707100000, 0x0000000707200000|  0%| F|  |TAMS 0x0000000707100000, 0x0000000707100000| Untracked 
|  94|0x0000000707200000, 0x0000000707200000, 0x0000000707300000|  0%| F|  |TAMS 0x0000000707200000, 0x0000000707200000| Untracked 
|  95|0x0000000707300000, 0x0000000707300000, 0x0000000707400000|  0%| F|  |TAMS 0x0000000707300000, 0x0000000707300000| Untracked 
|  96|0x0000000707400000, 0x0000000707400000, 0x0000000707500000|  0%| F|  |TAMS 0x0000000707400000, 0x0000000707400000| Untracked 
|  97|0x0000000707500000, 0x0000000707500000, 0x0000000707600000|  0%| F|  |TAMS 0x0000000707500000, 0x0000000707500000| Untracked 
|  98|0x0000000707600000, 0x0000000707600000, 0x0000000707700000|  0%| F|  |TAMS 0x0000000707600000, 0x0000000707600000| Untracked 
|  99|0x0000000707700000, 0x0000000707700000, 0x0000000707800000|  0%| F|  |TAMS 0x0000000707700000, 0x0000000707700000| Untracked 
| 100|0x0000000707800000, 0x0000000707800000, 0x0000000707900000|  0%| F|  |TAMS 0x0000000707800000, 0x0000000707800000| Untracked 
| 101|0x0000000707900000, 0x0000000707900000, 0x0000000707a00000|  0%| F|  |TAMS 0x0000000707900000, 0x0000000707900000| Untracked 
| 102|0x0000000707a00000, 0x0000000707a00000, 0x0000000707b00000|  0%| F|  |TAMS 0x0000000707a00000, 0x0000000707a00000| Untracked 
| 103|0x0000000707b00000, 0x0000000707b00000, 0x0000000707c00000|  0%| F|  |TAMS 0x0000000707b00000, 0x0000000707b00000| Untracked 
| 104|0x0000000707c00000, 0x0000000707c00000, 0x0000000707d00000|  0%| F|  |TAMS 0x0000000707c00000, 0x0000000707c00000| Untracked 
| 105|0x0000000707d00000, 0x0000000707d00000, 0x0000000707e00000|  0%| F|  |TAMS 0x0000000707d00000, 0x0000000707d00000| Untracked 
| 106|0x0000000707e00000, 0x0000000707e00000, 0x0000000707f00000|  0%| F|  |TAMS 0x0000000707e00000, 0x0000000707e00000| Untracked 
| 107|0x0000000707f00000, 0x0000000707f00000, 0x0000000708000000|  0%| F|  |TAMS 0x0000000707f00000, 0x0000000707f00000| Untracked 
| 108|0x0000000708000000, 0x0000000708000000, 0x0000000708100000|  0%| F|  |TAMS 0x0000000708000000, 0x0000000708000000| Untracked 
| 109|0x0000000708100000, 0x0000000708100000, 0x0000000708200000|  0%| F|  |TAMS 0x0000000708100000, 0x0000000708100000| Untracked 
| 110|0x0000000708200000, 0x0000000708200000, 0x0000000708300000|  0%| F|  |TAMS 0x0000000708200000, 0x0000000708200000| Untracked 
| 111|0x0000000708300000, 0x0000000708300000, 0x0000000708400000|  0%| F|  |TAMS 0x0000000708300000, 0x0000000708300000| Untracked 
| 112|0x0000000708400000, 0x0000000708400000, 0x0000000708500000|  0%| F|  |TAMS 0x0000000708400000, 0x0000000708400000| Untracked 
| 113|0x0000000708500000, 0x0000000708500000, 0x0000000708600000|  0%| F|  |TAMS 0x0000000708500000, 0x0000000708500000| Untracked 
| 114|0x0000000708600000, 0x0000000708600000, 0x0000000708700000|  0%| F|  |TAMS 0x0000000708600000, 0x0000000708600000| Untracked 
| 115|0x0000000708700000, 0x0000000708700000, 0x0000000708800000|  0%| F|  |TAMS 0x0000000708700000, 0x0000000708700000| Untracked 
| 116|0x0000000708800000, 0x0000000708800000, 0x0000000708900000|  0%| F|  |TAMS 0x0000000708800000, 0x0000000708800000| Untracked 
| 117|0x0000000708900000, 0x0000000708900000, 0x0000000708a00000|  0%| F|  |TAMS 0x0000000708900000, 0x0000000708900000| Untracked 
| 118|0x0000000708a00000, 0x0000000708a00000, 0x0000000708b00000|  0%| F|  |TAMS 0x0000000708a00000, 0x0000000708a00000| Untracked 
| 119|0x0000000708b00000, 0x0000000708b00000, 0x0000000708c00000|  0%| F|  |TAMS 0x0000000708b00000, 0x0000000708b00000| Untracked 
| 120|0x0000000708c00000, 0x0000000708c00000, 0x0000000708d00000|  0%| F|  |TAMS 0x0000000708c00000, 0x0000000708c00000| Untracked 
| 121|0x0000000708d00000, 0x0000000708d00000, 0x0000000708e00000|  0%| F|  |TAMS 0x0000000708d00000, 0x0000000708d00000| Untracked 
| 122|0x0000000708e00000, 0x0000000708e00000, 0x0000000708f00000|  0%| F|  |TAMS 0x0000000708e00000, 0x0000000708e00000| Untracked 
| 123|0x0000000708f00000, 0x0000000708f00000, 0x0000000709000000|  0%| F|  |TAMS 0x0000000708f00000, 0x0000000708f00000| Untracked 
| 124|0x0000000709000000, 0x0000000709000000, 0x0000000709100000|  0%| F|  |TAMS 0x0000000709000000, 0x0000000709000000| Untracked 
| 125|0x0000000709100000, 0x0000000709100000, 0x0000000709200000|  0%| F|  |TAMS 0x0000000709100000, 0x0000000709100000| Untracked 
| 126|0x0000000709200000, 0x0000000709200000, 0x0000000709300000|  0%| F|  |TAMS 0x0000000709200000, 0x0000000709200000| Untracked 
| 127|0x0000000709300000, 0x0000000709300000, 0x0000000709400000|  0%| F|  |TAMS 0x0000000709300000, 0x0000000709300000| Untracked 
| 128|0x0000000709400000, 0x0000000709400000, 0x0000000709500000|  0%| F|  |TAMS 0x0000000709400000, 0x0000000709400000| Untracked 
| 129|0x0000000709500000, 0x0000000709500000, 0x0000000709600000|  0%| F|  |TAMS 0x0000000709500000, 0x0000000709500000| Untracked 
| 130|0x0000000709600000, 0x0000000709600000, 0x0000000709700000|  0%| F|  |TAMS 0x0000000709600000, 0x0000000709600000| Untracked 
| 131|0x0000000709700000, 0x0000000709700000, 0x0000000709800000|  0%| F|  |TAMS 0x0000000709700000, 0x0000000709700000| Untracked 
| 132|0x0000000709800000, 0x0000000709800000, 0x0000000709900000|  0%| F|  |TAMS 0x0000000709800000, 0x0000000709800000| Untracked 
| 133|0x0000000709900000, 0x0000000709900000, 0x0000000709a00000|  0%| F|  |TAMS 0x0000000709900000, 0x0000000709900000| Untracked 
| 134|0x0000000709a00000, 0x0000000709a00000, 0x0000000709b00000|  0%| F|  |TAMS 0x0000000709a00000, 0x0000000709a00000| Untracked 
| 135|0x0000000709b00000, 0x0000000709b00000, 0x0000000709c00000|  0%| F|  |TAMS 0x0000000709b00000, 0x0000000709b00000| Untracked 
| 136|0x0000000709c00000, 0x0000000709c00000, 0x0000000709d00000|  0%| F|  |TAMS 0x0000000709c00000, 0x0000000709c00000| Untracked 
| 137|0x0000000709d00000, 0x0000000709d00000, 0x0000000709e00000|  0%| F|  |TAMS 0x0000000709d00000, 0x0000000709d00000| Untracked 
| 138|0x0000000709e00000, 0x0000000709e00000, 0x0000000709f00000|  0%| F|  |TAMS 0x0000000709e00000, 0x0000000709e00000| Untracked 
| 139|0x0000000709f00000, 0x0000000709f00000, 0x000000070a000000|  0%| F|  |TAMS 0x0000000709f00000, 0x0000000709f00000| Untracked 
| 140|0x000000070a000000, 0x000000070a000000, 0x000000070a100000|  0%| F|  |TAMS 0x000000070a000000, 0x000000070a000000| Untracked 
| 141|0x000000070a100000, 0x000000070a100000, 0x000000070a200000|  0%| F|  |TAMS 0x000000070a100000, 0x000000070a100000| Untracked 
| 142|0x000000070a200000, 0x000000070a200000, 0x000000070a300000|  0%| F|  |TAMS 0x000000070a200000, 0x000000070a200000| Untracked 
| 143|0x000000070a300000, 0x000000070a300000, 0x000000070a400000|  0%| F|  |TAMS 0x000000070a300000, 0x000000070a300000| Untracked 
| 144|0x000000070a400000, 0x000000070a400000, 0x000000070a500000|  0%| F|  |TAMS 0x000000070a400000, 0x000000070a400000| Untracked 
| 145|0x000000070a500000, 0x000000070a500000, 0x000000070a600000|  0%| F|  |TAMS 0x000000070a500000, 0x000000070a500000| Untracked 
| 146|0x000000070a600000, 0x000000070a600000, 0x000000070a700000|  0%| F|  |TAMS 0x000000070a600000, 0x000000070a600000| Untracked 
| 147|0x000000070a700000, 0x000000070a700000, 0x000000070a800000|  0%| F|  |TAMS 0x000000070a700000, 0x000000070a700000| Untracked 
| 148|0x000000070a800000, 0x000000070a800000, 0x000000070a900000|  0%| F|  |TAMS 0x000000070a800000, 0x000000070a800000| Untracked 
| 149|0x000000070a900000, 0x000000070a900000, 0x000000070aa00000|  0%| F|  |TAMS 0x000000070a900000, 0x000000070a900000| Untracked 
| 150|0x000000070aa00000, 0x000000070aa00000, 0x000000070ab00000|  0%| F|  |TAMS 0x000000070aa00000, 0x000000070aa00000| Untracked 
| 151|0x000000070ab00000, 0x000000070ab00000, 0x000000070ac00000|  0%| F|  |TAMS 0x000000070ab00000, 0x000000070ab00000| Untracked 
| 152|0x000000070ac00000, 0x000000070ac00000, 0x000000070ad00000|  0%| F|  |TAMS 0x000000070ac00000, 0x000000070ac00000| Untracked 
| 153|0x000000070ad00000, 0x000000070ad00000, 0x000000070ae00000|  0%| F|  |TAMS 0x000000070ad00000, 0x000000070ad00000| Untracked 
| 154|0x000000070ae00000, 0x000000070ae00000, 0x000000070af00000|  0%| F|  |TAMS 0x000000070ae00000, 0x000000070ae00000| Untracked 
| 155|0x000000070af00000, 0x000000070af00000, 0x000000070b000000|  0%| F|  |TAMS 0x000000070af00000, 0x000000070af00000| Untracked 
| 156|0x000000070b000000, 0x000000070b000000, 0x000000070b100000|  0%| F|  |TAMS 0x000000070b000000, 0x000000070b000000| Untracked 
| 157|0x000000070b100000, 0x000000070b100000, 0x000000070b200000|  0%| F|  |TAMS 0x000000070b100000, 0x000000070b100000| Untracked 
| 158|0x000000070b200000, 0x000000070b200000, 0x000000070b300000|  0%| F|  |TAMS 0x000000070b200000, 0x000000070b200000| Untracked 
| 159|0x000000070b300000, 0x000000070b300000, 0x000000070b400000|  0%| F|  |TAMS 0x000000070b300000, 0x000000070b300000| Untracked 
| 160|0x000000070b400000, 0x000000070b400000, 0x000000070b500000|  0%| F|  |TAMS 0x000000070b400000, 0x000000070b400000| Untracked 
| 161|0x000000070b500000, 0x000000070b500000, 0x000000070b600000|  0%| F|  |TAMS 0x000000070b500000, 0x000000070b500000| Untracked 
| 162|0x000000070b600000, 0x000000070b600000, 0x000000070b700000|  0%| F|  |TAMS 0x000000070b600000, 0x000000070b600000| Untracked 
| 163|0x000000070b700000, 0x000000070b700000, 0x000000070b800000|  0%| F|  |TAMS 0x000000070b700000, 0x000000070b700000| Untracked 
| 164|0x000000070b800000, 0x000000070b800000, 0x000000070b900000|  0%| F|  |TAMS 0x000000070b800000, 0x000000070b800000| Untracked 
| 165|0x000000070b900000, 0x000000070b900000, 0x000000070ba00000|  0%| F|  |TAMS 0x000000070b900000, 0x000000070b900000| Untracked 
| 166|0x000000070ba00000, 0x000000070ba00000, 0x000000070bb00000|  0%| F|  |TAMS 0x000000070ba00000, 0x000000070ba00000| Untracked 
| 167|0x000000070bb00000, 0x000000070bb00000, 0x000000070bc00000|  0%| F|  |TAMS 0x000000070bb00000, 0x000000070bb00000| Untracked 
| 168|0x000000070bc00000, 0x000000070bc00000, 0x000000070bd00000|  0%| F|  |TAMS 0x000000070bc00000, 0x000000070bc00000| Untracked 
| 169|0x000000070bd00000, 0x000000070bd00000, 0x000000070be00000|  0%| F|  |TAMS 0x000000070bd00000, 0x000000070bd00000| Untracked 
| 170|0x000000070be00000, 0x000000070be00000, 0x000000070bf00000|  0%| F|  |TAMS 0x000000070be00000, 0x000000070be00000| Untracked 
| 171|0x000000070bf00000, 0x000000070bf00000, 0x000000070c000000|  0%| F|  |TAMS 0x000000070bf00000, 0x000000070bf00000| Untracked 
| 172|0x000000070c000000, 0x000000070c000000, 0x000000070c100000|  0%| F|  |TAMS 0x000000070c000000, 0x000000070c000000| Untracked 
| 173|0x000000070c100000, 0x000000070c100000, 0x000000070c200000|  0%| F|  |TAMS 0x000000070c100000, 0x000000070c100000| Untracked 
| 174|0x000000070c200000, 0x000000070c200000, 0x000000070c300000|  0%| F|  |TAMS 0x000000070c200000, 0x000000070c200000| Untracked 
| 175|0x000000070c300000, 0x000000070c300000, 0x000000070c400000|  0%| F|  |TAMS 0x000000070c300000, 0x000000070c300000| Untracked 
| 176|0x000000070c400000, 0x000000070c400000, 0x000000070c500000|  0%| F|  |TAMS 0x000000070c400000, 0x000000070c400000| Untracked 
| 177|0x000000070c500000, 0x000000070c500000, 0x000000070c600000|  0%| F|  |TAMS 0x000000070c500000, 0x000000070c500000| Untracked 
| 178|0x000000070c600000, 0x000000070c600000, 0x000000070c700000|  0%| F|  |TAMS 0x000000070c600000, 0x000000070c600000| Untracked 
| 179|0x000000070c700000, 0x000000070c700000, 0x000000070c800000|  0%| F|  |TAMS 0x000000070c700000, 0x000000070c700000| Untracked 
| 180|0x000000070c800000, 0x000000070c800000, 0x000000070c900000|  0%| F|  |TAMS 0x000000070c800000, 0x000000070c800000| Untracked 
| 181|0x000000070c900000, 0x000000070c900000, 0x000000070ca00000|  0%| F|  |TAMS 0x000000070c900000, 0x000000070c900000| Untracked 
| 182|0x000000070ca00000, 0x000000070ca00000, 0x000000070cb00000|  0%| F|  |TAMS 0x000000070ca00000, 0x000000070ca00000| Untracked 
| 183|0x000000070cb00000, 0x000000070cb00000, 0x000000070cc00000|  0%| F|  |TAMS 0x000000070cb00000, 0x000000070cb00000| Untracked 
| 184|0x000000070cc00000, 0x000000070cc00000, 0x000000070cd00000|  0%| F|  |TAMS 0x000000070cc00000, 0x000000070cc00000| Untracked 
| 185|0x000000070cd00000, 0x000000070cd00000, 0x000000070ce00000|  0%| F|  |TAMS 0x000000070cd00000, 0x000000070cd00000| Untracked 
| 186|0x000000070ce00000, 0x000000070ce00000, 0x000000070cf00000|  0%| F|  |TAMS 0x000000070ce00000, 0x000000070ce00000| Untracked 
| 187|0x000000070cf00000, 0x000000070cf00000, 0x000000070d000000|  0%| F|  |TAMS 0x000000070cf00000, 0x000000070cf00000| Untracked 
| 188|0x000000070d000000, 0x000000070d000000, 0x000000070d100000|  0%| F|  |TAMS 0x000000070d000000, 0x000000070d000000| Untracked 
| 189|0x000000070d100000, 0x000000070d100000, 0x000000070d200000|  0%| F|  |TAMS 0x000000070d100000, 0x000000070d100000| Untracked 
| 190|0x000000070d200000, 0x000000070d200000, 0x000000070d300000|  0%| F|  |TAMS 0x000000070d200000, 0x000000070d200000| Untracked 
| 191|0x000000070d300000, 0x000000070d300000, 0x000000070d400000|  0%| F|  |TAMS 0x000000070d300000, 0x000000070d300000| Untracked 
| 192|0x000000070d400000, 0x000000070d400000, 0x000000070d500000|  0%| F|  |TAMS 0x000000070d400000, 0x000000070d400000| Untracked 
| 193|0x000000070d500000, 0x000000070d500000, 0x000000070d600000|  0%| F|  |TAMS 0x000000070d500000, 0x000000070d500000| Untracked 
| 194|0x000000070d600000, 0x000000070d600000, 0x000000070d700000|  0%| F|  |TAMS 0x000000070d600000, 0x000000070d600000| Untracked 
| 195|0x000000070d700000, 0x000000070d700000, 0x000000070d800000|  0%| F|  |TAMS 0x000000070d700000, 0x000000070d700000| Untracked 
| 196|0x000000070d800000, 0x000000070d800000, 0x000000070d900000|  0%| F|  |TAMS 0x000000070d800000, 0x000000070d800000| Untracked 
| 197|0x000000070d900000, 0x000000070d900000, 0x000000070da00000|  0%| F|  |TAMS 0x000000070d900000, 0x000000070d900000| Untracked 
| 198|0x000000070da00000, 0x000000070da00000, 0x000000070db00000|  0%| F|  |TAMS 0x000000070da00000, 0x000000070da00000| Untracked 
| 199|0x000000070db00000, 0x000000070db00000, 0x000000070dc00000|  0%| F|  |TAMS 0x000000070db00000, 0x000000070db00000| Untracked 
| 200|0x000000070dc00000, 0x000000070dc00000, 0x000000070dd00000|  0%| F|  |TAMS 0x000000070dc00000, 0x000000070dc00000| Untracked 
| 201|0x000000070dd00000, 0x000000070dd00000, 0x000000070de00000|  0%| F|  |TAMS 0x000000070dd00000, 0x000000070dd00000| Untracked 
| 202|0x000000070de00000, 0x000000070de00000, 0x000000070df00000|  0%| F|  |TAMS 0x000000070de00000, 0x000000070de00000| Untracked 
| 203|0x000000070df00000, 0x000000070df00000, 0x000000070e000000|  0%| F|  |TAMS 0x000000070df00000, 0x000000070df00000| Untracked 
| 204|0x000000070e000000, 0x000000070e000000, 0x000000070e100000|  0%| F|  |TAMS 0x000000070e000000, 0x000000070e000000| Untracked 
| 205|0x000000070e100000, 0x000000070e100000, 0x000000070e200000|  0%| F|  |TAMS 0x000000070e100000, 0x000000070e100000| Untracked 
| 206|0x000000070e200000, 0x000000070e200000, 0x000000070e300000|  0%| F|  |TAMS 0x000000070e200000, 0x000000070e200000| Untracked 
| 207|0x000000070e300000, 0x000000070e300000, 0x000000070e400000|  0%| F|  |TAMS 0x000000070e300000, 0x000000070e300000| Untracked 
| 208|0x000000070e400000, 0x000000070e400000, 0x000000070e500000|  0%| F|  |TAMS 0x000000070e400000, 0x000000070e400000| Untracked 
| 209|0x000000070e500000, 0x000000070e500000, 0x000000070e600000|  0%| F|  |TAMS 0x000000070e500000, 0x000000070e500000| Untracked 
| 210|0x000000070e600000, 0x000000070e600000, 0x000000070e700000|  0%| F|  |TAMS 0x000000070e600000, 0x000000070e600000| Untracked 
| 211|0x000000070e700000, 0x000000070e700000, 0x000000070e800000|  0%| F|  |TAMS 0x000000070e700000, 0x000000070e700000| Untracked 
| 212|0x000000070e800000, 0x000000070e800000, 0x000000070e900000|  0%| F|  |TAMS 0x000000070e800000, 0x000000070e800000| Untracked 
| 213|0x000000070e900000, 0x000000070e900000, 0x000000070ea00000|  0%| F|  |TAMS 0x000000070e900000, 0x000000070e900000| Untracked 
| 214|0x000000070ea00000, 0x000000070ea00000, 0x000000070eb00000|  0%| F|  |TAMS 0x000000070ea00000, 0x000000070ea00000| Untracked 
| 215|0x000000070eb00000, 0x000000070eb00000, 0x000000070ec00000|  0%| F|  |TAMS 0x000000070eb00000, 0x000000070eb00000| Untracked 
| 216|0x000000070ec00000, 0x000000070ec00000, 0x000000070ed00000|  0%| F|  |TAMS 0x000000070ec00000, 0x000000070ec00000| Untracked 
| 217|0x000000070ed00000, 0x000000070ed00000, 0x000000070ee00000|  0%| F|  |TAMS 0x000000070ed00000, 0x000000070ed00000| Untracked 
| 218|0x000000070ee00000, 0x000000070ee00000, 0x000000070ef00000|  0%| F|  |TAMS 0x000000070ee00000, 0x000000070ee00000| Untracked 
| 219|0x000000070ef00000, 0x000000070ef00000, 0x000000070f000000|  0%| F|  |TAMS 0x000000070ef00000, 0x000000070ef00000| Untracked 
| 220|0x000000070f000000, 0x000000070f000000, 0x000000070f100000|  0%| F|  |TAMS 0x000000070f000000, 0x000000070f000000| Untracked 
| 221|0x000000070f100000, 0x000000070f100000, 0x000000070f200000|  0%| F|  |TAMS 0x000000070f100000, 0x000000070f100000| Untracked 
| 222|0x000000070f200000, 0x000000070f200000, 0x000000070f300000|  0%| F|  |TAMS 0x000000070f200000, 0x000000070f200000| Untracked 
| 223|0x000000070f300000, 0x000000070f300000, 0x000000070f400000|  0%| F|  |TAMS 0x000000070f300000, 0x000000070f300000| Untracked 
| 224|0x000000070f400000, 0x000000070f400000, 0x000000070f500000|  0%| F|  |TAMS 0x000000070f400000, 0x000000070f400000| Untracked 
| 225|0x000000070f500000, 0x000000070f500000, 0x000000070f600000|  0%| F|  |TAMS 0x000000070f500000, 0x000000070f500000| Untracked 
| 226|0x000000070f600000, 0x000000070f600000, 0x000000070f700000|  0%| F|  |TAMS 0x000000070f600000, 0x000000070f600000| Untracked 
| 227|0x000000070f700000, 0x000000070f700000, 0x000000070f800000|  0%| F|  |TAMS 0x000000070f700000, 0x000000070f700000| Untracked 
| 228|0x000000070f800000, 0x000000070f800000, 0x000000070f900000|  0%| F|  |TAMS 0x000000070f800000, 0x000000070f800000| Untracked 
| 229|0x000000070f900000, 0x000000070f900000, 0x000000070fa00000|  0%| F|  |TAMS 0x000000070f900000, 0x000000070f900000| Untracked 
| 230|0x000000070fa00000, 0x000000070fa00000, 0x000000070fb00000|  0%| F|  |TAMS 0x000000070fa00000, 0x000000070fa00000| Untracked 
| 231|0x000000070fb00000, 0x000000070fb09530, 0x000000070fc00000|  3%| S|CS|TAMS 0x000000070fb00000, 0x000000070fb00000| Complete 
| 232|0x000000070fc00000, 0x000000070fd00000, 0x000000070fd00000|100%| S|CS|TAMS 0x000000070fc00000, 0x000000070fc00000| Complete 
| 233|0x000000070fd00000, 0x000000070fe00000, 0x000000070fe00000|100%| S|CS|TAMS 0x000000070fd00000, 0x000000070fd00000| Complete 
| 234|0x000000070fe00000, 0x000000070fe00000, 0x000000070ff00000|  0%| F|  |TAMS 0x000000070fe00000, 0x000000070fe00000| Untracked 
| 235|0x000000070ff00000, 0x000000070ff00000, 0x0000000710000000|  0%| F|  |TAMS 0x000000070ff00000, 0x000000070ff00000| Untracked 
| 236|0x0000000710000000, 0x0000000710000000, 0x0000000710100000|  0%| F|  |TAMS 0x0000000710000000, 0x0000000710000000| Untracked 
| 237|0x0000000710100000, 0x0000000710100000, 0x0000000710200000|  0%| F|  |TAMS 0x0000000710100000, 0x0000000710100000| Untracked 
| 238|0x0000000710200000, 0x0000000710200000, 0x0000000710300000|  0%| F|  |TAMS 0x0000000710200000, 0x0000000710200000| Untracked 
| 239|0x0000000710300000, 0x0000000710300000, 0x0000000710400000|  0%| F|  |TAMS 0x0000000710300000, 0x0000000710300000| Untracked 
| 240|0x0000000710400000, 0x0000000710400000, 0x0000000710500000|  0%| F|  |TAMS 0x0000000710400000, 0x0000000710400000| Untracked 
| 241|0x0000000710500000, 0x0000000710500000, 0x0000000710600000|  0%| F|  |TAMS 0x0000000710500000, 0x0000000710500000| Untracked 
| 242|0x0000000710600000, 0x0000000710600000, 0x0000000710700000|  0%| F|  |TAMS 0x0000000710600000, 0x0000000710600000| Untracked 
| 243|0x0000000710700000, 0x0000000710700000, 0x0000000710800000|  0%| F|  |TAMS 0x0000000710700000, 0x0000000710700000| Untracked 
| 244|0x0000000710800000, 0x0000000710800000, 0x0000000710900000|  0%| F|  |TAMS 0x0000000710800000, 0x0000000710800000| Untracked 
| 245|0x0000000710900000, 0x0000000710900000, 0x0000000710a00000|  0%| F|  |TAMS 0x0000000710900000, 0x0000000710900000| Untracked 
| 246|0x0000000710a00000, 0x0000000710a00000, 0x0000000710b00000|  0%| F|  |TAMS 0x0000000710a00000, 0x0000000710a00000| Untracked 
| 247|0x0000000710b00000, 0x0000000710b00000, 0x0000000710c00000|  0%| F|  |TAMS 0x0000000710b00000, 0x0000000710b00000| Untracked 
| 248|0x0000000710c00000, 0x0000000710c00000, 0x0000000710d00000|  0%| F|  |TAMS 0x0000000710c00000, 0x0000000710c00000| Untracked 
| 249|0x0000000710d00000, 0x0000000710d00000, 0x0000000710e00000|  0%| F|  |TAMS 0x0000000710d00000, 0x0000000710d00000| Untracked 
| 250|0x0000000710e00000, 0x0000000710e00000, 0x0000000710f00000|  0%| F|  |TAMS 0x0000000710e00000, 0x0000000710e00000| Untracked 
| 251|0x0000000710f00000, 0x0000000710f00000, 0x0000000711000000|  0%| F|  |TAMS 0x0000000710f00000, 0x0000000710f00000| Untracked 
| 252|0x0000000711000000, 0x0000000711000000, 0x0000000711100000|  0%| F|  |TAMS 0x0000000711000000, 0x0000000711000000| Untracked 
| 253|0x0000000711100000, 0x0000000711100000, 0x0000000711200000|  0%| F|  |TAMS 0x0000000711100000, 0x0000000711100000| Untracked 
| 254|0x0000000711200000, 0x0000000711300000, 0x0000000711300000|100%| E|  |TAMS 0x0000000711200000, 0x0000000711200000| Complete 
| 255|0x0000000711300000, 0x0000000711400000, 0x0000000711400000|100%| E|CS|TAMS 0x0000000711300000, 0x0000000711300000| Complete 

Card table byte_map: [0x00000257529a0000,0x00000257531a0000] _byte_map_base: 0x000002574f196000

Marking Bits (Prev, Next): (CMBitMap*) 0x000002573a8f7858, (CMBitMap*) 0x000002573a8f7898
 Prev Bits: [0x00000257539a0000, 0x0000025757950000)
 Next Bits: [0x0000025757950000, 0x000002575b900000)

Polling page: 0x0000025738830000

Metaspace:

Usage:
  Non-class:      9.17 MB capacity,     6.75 MB ( 74%) used,     2.40 MB ( 26%) free+waste,    11.63 KB ( <1%) overhead. 
      Class:    649.00 KB capacity,   359.52 KB ( 55%) used,   284.79 KB ( 44%) free+waste,     4.69 KB ( <1%) overhead. 
       Both:      9.80 MB capacity,     7.10 MB ( 72%) used,     2.68 MB ( 27%) free+waste,    16.31 KB ( <1%) overhead. 

Virtual space:
  Non-class space:       10.00 MB reserved,       9.25 MB ( 93%) committed 
      Class space:        1.00 GB reserved,     768.00 KB ( <1%) committed 
             Both:        1.01 GB reserved,      10.00 MB ( <1%) committed 

Chunk freelists:
   Non-Class:  85.00 KB
       Class:  23.00 KB
        Both:  108.00 KB

MaxMetaspaceSize: 17179869184.00 GB
CompressedClassSpaceSize: 1.00 GB

CodeHeap 'non-profiled nmethods': size=120000Kb used=302Kb max_used=302Kb free=119697Kb
 bounds [0x000002574ab60000, 0x000002574add0000, 0x0000025752090000]
CodeHeap 'profiled nmethods': size=120000Kb used=1552Kb max_used=1552Kb free=118447Kb
 bounds [0x0000025743630000, 0x00000257438a0000, 0x000002574ab60000]
CodeHeap 'non-nmethods': size=5760Kb used=1639Kb max_used=1654Kb free=4120Kb
 bounds [0x0000025743090000, 0x0000025743300000, 0x0000025743630000]
 total_blobs=1953 nmethods=914 adapters=952
 compilation: enabled
              stopped_count=0, restarted_count=0
 full_count=0

Compilation events (20 events):
Event: 1.795 Thread 0x000002575e25e800  905       4       org.lwjgl.glfw.GLFW::glfwWindowShouldClose (29 bytes)
Event: 1.796 Thread 0x000002575e25e800 nmethod 905 0x000002574aba9610 code [0x000002574aba97a0, 0x000002574aba9848]
Event: 1.796 Thread 0x000002575e25e800  906       4       org.lwjgl.glfw.GLFW::glfwSwapBuffers (21 bytes)
Event: 1.796 Thread 0x000002575e25e800 nmethod 906 0x000002574aba9990 code [0x000002574aba9b20, 0x000002574aba9bc8]
Event: 1.974 Thread 0x000002575e25e800  908       4       org.lwjgl.opengl.GL11::glClearColor (8 bytes)
Event: 1.974 Thread 0x000002575e25e800 nmethod 908 0x000002574aba9c90 code [0x000002574aba9e20, 0x000002574aba9e88]
Event: 1.974 Thread 0x000002575e25e800  907       4       org.lwjgl.glfw.GLFW::glfwGetKey (22 bytes)
Event: 1.975 Thread 0x000002575e25e800 nmethod 907 0x000002574aba9f90 code [0x000002574abaa120, 0x000002574abaa1c8]
Event: 1.975 Thread 0x000002575e25e800  909       4       educanet.Game::update (112 bytes)
Event: 1.979 Thread 0x000002575e25e800 nmethod 909 0x000002574abaa290 code [0x000002574abaa480, 0x000002574abaa970]
Event: 2.148 Thread 0x000002575e25e800  911       4       educanet.Game::render (51 bytes)
Event: 2.150 Thread 0x000002575e25e800 nmethod 911 0x000002574abaae10 code [0x000002574abaafc0, 0x000002574abab190]
Event: 2.150 Thread 0x000002575e25e800  910       4       org.lwjgl.opengl.GL11::glClear (5 bytes)
Event: 2.150 Thread 0x000002575e25e800 nmethod 910 0x000002574abab410 code [0x000002574abab5a0, 0x000002574abab608]
Event: 2.150 Thread 0x000002575e25e800  912       4       org.lwjgl.glfw.GLFW::glfwPollEvents (12 bytes)
Event: 2.150 Thread 0x000002575e25e800 nmethod 912 0x000002574abab710 code [0x000002574abab8a0, 0x000002574abab908]
Event: 11.355 Thread 0x000002575e269800  913 %     3       educanet.Main::main @ 98 (168 bytes)
Event: 11.356 Thread 0x000002575e269800 nmethod 913% 0x00000257437ae490 code [0x00000257437ae960, 0x00000257437b0868]
Event: 11.529 Thread 0x000002575e269800  914       3       educanet.Main::main (168 bytes)
Event: 11.530 Thread 0x000002575e269800 nmethod 914 0x00000257437b1310 code [0x00000257437b17e0, 0x00000257437b3628]

GC Heap History (2 events):
Event: 7.029 GC heap before
{Heap before GC invocations=0 (full 0):
 garbage-first heap   total 262144K, used 21504K [0x0000000701400000, 0x0000000800000000)
  region size 1024K, 22 young (22528K), 0 survivors (0K)
 Metaspace       used 7255K, capacity 10035K, committed 10240K, reserved 1058816K
  class space    used 359K, capacity 649K, committed 768K, reserved 1048576K
}
Event: 7.031 GC heap after
{Heap after GC invocations=1 (full 0):
 garbage-first heap   total 262144K, used 2085K [0x0000000701400000, 0x0000000800000000)
  region size 1024K, 3 young (3072K), 3 survivors (3072K)
 Metaspace       used 7255K, capacity 10035K, committed 10240K, reserved 1058816K
  class space    used 359K, capacity 649K, committed 768K, reserved 1048576K
}

Deoptimization events (20 events):
Event: 0.139 Thread 0x000002573a88b800 DEOPT PACKING pc=0x0000025743668cb2 sp=0x00000090730f9ab0
Event: 0.139 Thread 0x000002573a88b800 DEOPT UNPACKING pc=0x00000257430d964e sp=0x00000090730f8f18 mode 0
Event: 0.142 Thread 0x000002573a88b800 DEOPT PACKING pc=0x0000025743655d50 sp=0x00000090730fd070
Event: 0.142 Thread 0x000002573a88b800 DEOPT UNPACKING pc=0x00000257430d964e sp=0x00000090730fc4f8 mode 0
Event: 0.143 Thread 0x000002573a88b800 DEOPT PACKING pc=0x0000025743655d50 sp=0x00000090730f90a0
Event: 0.143 Thread 0x000002573a88b800 DEOPT UNPACKING pc=0x00000257430d964e sp=0x00000090730f8528 mode 0
Event: 0.163 Thread 0x000002573a88b800 Uncommon trap: trap_request=0xffffff45 fr.pc=0x000002574ab6da90 relative=0x0000000000000070
Event: 0.163 Thread 0x000002573a88b800 Uncommon trap: reason=unstable_if action=reinterpret pc=0x000002574ab6da90 method=java.io.WinNTFileSystem.isSlash(C)Z @ 9 c2
Event: 0.163 Thread 0x000002573a88b800 DEOPT PACKING pc=0x000002574ab6da90 sp=0x00000090730fc580
Event: 0.163 Thread 0x000002573a88b800 DEOPT UNPACKING pc=0x00000257430d912f sp=0x00000090730fc508 mode 2
Event: 0.547 Thread 0x000002573a88b800 DEOPT PACKING pc=0x000002574367325f sp=0x00000090730fda00
Event: 0.547 Thread 0x000002573a88b800 DEOPT UNPACKING pc=0x00000257430d964e sp=0x00000090730fce50 mode 0
Event: 0.626 Thread 0x000002573a88b800 Uncommon trap: trap_request=0xffffff45 fr.pc=0x000002574ab67f64 relative=0x0000000000000044
Event: 0.626 Thread 0x000002573a88b800 Uncommon trap: reason=unstable_if action=reinterpret pc=0x000002574ab67f64 method=java.lang.CharacterData.of(I)Ljava/lang/CharacterData; @ 4 c2
Event: 0.626 Thread 0x000002573a88b800 DEOPT PACKING pc=0x000002574ab67f64 sp=0x00000090730fd0e0
Event: 0.626 Thread 0x000002573a88b800 DEOPT UNPACKING pc=0x00000257430d912f sp=0x00000090730fd080 mode 2
Event: 0.635 Thread 0x000002573a88b800 Uncommon trap: trap_request=0xffffff45 fr.pc=0x000002574ab918d4 relative=0x0000000000000034
Event: 0.635 Thread 0x000002573a88b800 Uncommon trap: reason=unstable_if action=reinterpret pc=0x000002574ab918d4 method=java.lang.reflect.Modifier.isStatic(I)Z @ 4 c2
Event: 0.635 Thread 0x000002573a88b800 DEOPT PACKING pc=0x000002574ab918d4 sp=0x00000090730fde20
Event: 0.635 Thread 0x000002573a88b800 DEOPT UNPACKING pc=0x00000257430d912f sp=0x00000090730fddb0 mode 2

Classes unloaded (0 events):
No events

Classes redefined (0 events):
No events

Internal exceptions (13 events):
Event: 0.152 Thread 0x000002573a88b800 Exception <a 'java/lang/NoSuchMethodError'{0x000000071108aa98}: 'void java.lang.invoke.DelegatingMethodHandle$Holder.delegate(java.lang.Object, java.lang.Object, int, java.lang.Object)'> (0x000000071108aa98) 
thrown [./src/hotspot/share/interpreter/linkResolver.cpp, line 767]
Event: 0.153 Thread 0x000002573a88b800 Exception <a 'java/lang/NoSuchMethodError'{0x0000000711091548}: 'java.lang.Object java.lang.invoke.DirectMethodHandle$Holder.invokeStaticInit(java.lang.Object, java.lang.Object, java.lang.Object)'> (0x0000000711091548) 
thrown [./src/hotspot/share/interpreter/linkResolver.cpp, line 767]
Event: 0.180 Thread 0x000002573a88b800 Exception <a 'sun/nio/fs/WindowsException'{0x0000000710f2c140}> (0x0000000710f2c140) 
thrown [./src/hotspot/share/prims/jni.cpp, line 598]
Event: 0.180 Thread 0x000002573a88b800 Exception <a 'sun/nio/fs/WindowsException'{0x0000000710f2c680}> (0x0000000710f2c680) 
thrown [./src/hotspot/share/prims/jni.cpp, line 598]
Event: 0.187 Thread 0x000002573a88b800 Exception <a 'sun/nio/fs/WindowsException'{0x0000000710f4fd78}> (0x0000000710f4fd78) 
thrown [./src/hotspot/share/prims/jni.cpp, line 598]
Event: 0.187 Thread 0x000002573a88b800 Exception <a 'sun/nio/fs/WindowsException'{0x0000000710f500d0}> (0x0000000710f500d0) 
thrown [./src/hotspot/share/prims/jni.cpp, line 598]
Event: 0.435 Thread 0x000002573a88b800 Exception <a 'sun/nio/fs/WindowsException'{0x0000000710e95bc0}> (0x0000000710e95bc0) 
thrown [./src/hotspot/share/prims/jni.cpp, line 598]
Event: 0.435 Thread 0x000002573a88b800 Exception <a 'sun/nio/fs/WindowsException'{0x0000000710e95f50}> (0x0000000710e95f50) 
thrown [./src/hotspot/share/prims/jni.cpp, line 598]
Event: 0.439 Thread 0x000002573a88b800 Exception <a 'sun/nio/fs/WindowsException'{0x0000000710eb04f8}> (0x0000000710eb04f8) 
thrown [./src/hotspot/share/prims/jni.cpp, line 598]
Event: 0.439 Thread 0x000002573a88b800 Exception <a 'sun/nio/fs/WindowsException'{0x0000000710eb07c8}> (0x0000000710eb07c8) 
thrown [./src/hotspot/share/prims/jni.cpp, line 598]
Event: 0.567 Thread 0x000002573a88b800 Exception <a 'java/lang/NoSuchMethodError'{0x00000007105d39c0}: 'void java.lang.invoke.DirectMethodHandle$Holder.invokeStatic(java.lang.Object, long, int, int)'> (0x00000007105d39c0) 
thrown [./src/hotspot/share/interpreter/linkResolver.cpp, line 767]
Event: 0.600 Thread 0x000002573a88b800 Exception <a 'sun/nio/fs/WindowsException'{0x0000000710370d58}> (0x0000000710370d58) 
thrown [./src/hotspot/share/prims/jni.cpp, line 598]
Event: 0.600 Thread 0x000002573a88b800 Exception <a 'sun/nio/fs/WindowsException'{0x0000000710371378}> (0x0000000710371378) 
thrown [./src/hotspot/share/prims/jni.cpp, line 598]

Events (20 events):
Event: 7.033 Executing VM operation: RevokeBias
Event: 7.033 Executing VM operation: RevokeBias done
Event: 7.033 Executing VM operation: RevokeBias
Event: 7.033 Executing VM operation: RevokeBias done
Event: 7.033 Executing VM operation: RevokeBias
Event: 7.033 Executing VM operation: RevokeBias done
Event: 7.033 Executing VM operation: RevokeBias
Event: 7.033 Executing VM operation: RevokeBias done
Event: 7.033 Executing VM operation: RevokeBias
Event: 7.033 Executing VM operation: RevokeBias done
Event: 7.033 Executing VM operation: RevokeBias
Event: 7.033 Executing VM operation: RevokeBias done
Event: 7.033 Executing VM operation: RevokeBias
Event: 7.033 Executing VM operation: RevokeBias done
Event: 7.033 Executing VM operation: RevokeBias
Event: 7.033 Executing VM operation: RevokeBias done
Event: 7.033 Executing VM operation: RevokeBias
Event: 7.033 Executing VM operation: RevokeBias done
Event: 7.033 Executing VM operation: RevokeBias
Event: 7.033 Executing VM operation: RevokeBias done


Dynamic libraries:
0x00007ff624d00000 - 0x00007ff624d0d000 	C:\Users\jan\.jdks\azul-13.0.5.1\bin\java.exe
0x00007fff87c50000 - 0x00007fff87e45000 	C:\Windows\SYSTEM32\ntdll.dll
0x00007fff879b0000 - 0x00007fff87a6d000 	C:\Windows\System32\KERNEL32.DLL
0x00007fff859b0000 - 0x00007fff85c78000 	C:\Windows\System32\KERNELBASE.dll
0x00007fff85660000 - 0x00007fff85760000 	C:\Windows\System32\ucrtbase.dll
0x00007fff51a60000 - 0x00007fff51a77000 	C:\Users\jan\.jdks\azul-13.0.5.1\bin\jli.dll
0x00007fff52fc0000 - 0x00007fff52fd5000 	C:\Users\jan\.jdks\azul-13.0.5.1\bin\VCRUNTIME140.dll
0x00007fff87a70000 - 0x00007fff87c10000 	C:\Windows\System32\USER32.dll
0x00007fff85980000 - 0x00007fff859a2000 	C:\Windows\System32\win32u.dll
0x00007fff75100000 - 0x00007fff7539a000 	C:\Windows\WinSxS\amd64_microsoft.windows.common-controls_6595b64144ccf1df_6.0.19041.844_none_ca00b6081b84eb1d\COMCTL32.dll
0x00007fff85ec0000 - 0x00007fff85eea000 	C:\Windows\System32\GDI32.dll
0x00007fff87500000 - 0x00007fff8759e000 	C:\Windows\System32\msvcrt.dll
0x00007fff85870000 - 0x00007fff8597b000 	C:\Windows\System32\gdi32full.dll
0x00007fff85410000 - 0x00007fff854ad000 	C:\Windows\System32\msvcp_win.dll
0x00007fff86ae0000 - 0x00007fff86b10000 	C:\Windows\System32\IMM32.DLL
0x00007fff05880000 - 0x00007fff0591b000 	C:\Users\jan\.jdks\azul-13.0.5.1\bin\msvcp140.dll
0x00007ffef7030000 - 0x00007ffef7c1f000 	C:\Users\jan\.jdks\azul-13.0.5.1\bin\server\jvm.dll
0x00007fff85ef0000 - 0x00007fff85f9c000 	C:\Windows\System32\ADVAPI32.dll
0x00007fff873f0000 - 0x00007fff8748b000 	C:\Windows\System32\sechost.dll
0x00007fff87630000 - 0x00007fff8775b000 	C:\Windows\System32\RPCRT4.dll
0x00007fff874f0000 - 0x00007fff874f8000 	C:\Windows\System32\PSAPI.DLL
0x00007fff754c0000 - 0x00007fff754c9000 	C:\Windows\SYSTEM32\WSOCK32.dll
0x00007fff7bbe0000 - 0x00007fff7bc07000 	C:\Windows\SYSTEM32\WINMM.dll
0x00007fff7fb40000 - 0x00007fff7fb4a000 	C:\Windows\SYSTEM32\VERSION.dll
0x00007fff878b0000 - 0x00007fff8791b000 	C:\Windows\System32\WS2_32.dll
0x00007fff83220000 - 0x00007fff83232000 	C:\Windows\SYSTEM32\kernel.appcore.dll
0x00007fff5d2f0000 - 0x00007fff5d300000 	C:\Users\jan\.jdks\azul-13.0.5.1\bin\verify.dll
0x00007fff7c890000 - 0x00007fff7ca74000 	C:\Windows\SYSTEM32\DBGHELP.DLL
0x00007fff79220000 - 0x00007fff7924c000 	C:\Windows\SYSTEM32\dbgcore.DLL
0x00007fff85390000 - 0x00007fff85410000 	C:\Windows\System32\bcryptPrimitives.dll
0x00007fff513d0000 - 0x00007fff513f6000 	C:\Users\jan\.jdks\azul-13.0.5.1\bin\java.dll
0x00007fff59300000 - 0x00007fff5930a000 	C:\Users\jan\.jdks\azul-13.0.5.1\bin\jimage.dll
0x00007fff51470000 - 0x00007fff51487000 	C:\Users\jan\.jdks\azul-13.0.5.1\bin\zip.dll
0x00007fff86c40000 - 0x00007fff87382000 	C:\Windows\System32\SHELL32.dll
0x00007fff83500000 - 0x00007fff83c90000 	C:\Windows\SYSTEM32\windows.storage.dll
0x00007fff866d0000 - 0x00007fff86a25000 	C:\Windows\System32\combase.dll
0x00007fff84d90000 - 0x00007fff84dbc000 	C:\Windows\SYSTEM32\Wldp.dll
0x00007fff86a30000 - 0x00007fff86ade000 	C:\Windows\System32\SHCORE.dll
0x00007fff87760000 - 0x00007fff877b5000 	C:\Windows\System32\shlwapi.dll
0x00007fff852d0000 - 0x00007fff852ef000 	C:\Windows\SYSTEM32\profapi.dll
0x00007fff513b0000 - 0x00007fff513c9000 	C:\Users\jan\.jdks\azul-13.0.5.1\bin\net.dll
0x00007fff7e570000 - 0x00007fff7e67b000 	C:\Windows\SYSTEM32\WINHTTP.dll
0x00007fff84aa0000 - 0x00007fff84b0a000 	C:\Windows\system32\mswsock.dll
0x00007fff51330000 - 0x00007fff51342000 	C:\Users\jan\.jdks\azul-13.0.5.1\bin\nio.dll
0x00007fff56bc0000 - 0x00007fff56c24000 	C:\Users\jan\AppData\Local\Temp\lwjgljan\3.2.3-build-13\lwjgl.dll
0x00007fff4e2f0000 - 0x00007fff4e352000 	C:\Users\jan\AppData\Local\Temp\lwjgljan\3.2.3-build-13\glfw.dll
0x00007fff82e40000 - 0x00007fff82ede000 	C:\Windows\system32\uxtheme.dll
0x00007fff5d290000 - 0x00007fff5d2d5000 	C:\Windows\SYSTEM32\dinput8.dll
0x00007fff5e970000 - 0x00007fff5e981000 	C:\Windows\SYSTEM32\xinput1_4.dll
0x00007fff854b0000 - 0x00007fff854fe000 	C:\Windows\System32\cfgmgr32.dll
0x00007fff85160000 - 0x00007fff8518c000 	C:\Windows\SYSTEM32\DEVOBJ.dll
0x00007fff831f0000 - 0x00007fff8321f000 	C:\Windows\SYSTEM32\dwmapi.dll
0x00007fff6d770000 - 0x00007fff6d8c2000 	C:\Windows\SYSTEM32\inputhost.dll
0x00007fff877e0000 - 0x00007fff878ad000 	C:\Windows\System32\OLEAUT32.dll
0x00007fff81f20000 - 0x00007fff82074000 	C:\Windows\SYSTEM32\wintypes.dll
0x00007fff82950000 - 0x00007fff82a42000 	C:\Windows\SYSTEM32\CoreMessaging.dll
0x00007fff80fd0000 - 0x00007fff810c7000 	C:\Windows\SYSTEM32\PROPSYS.dll
0x00007fff825f0000 - 0x00007fff8294e000 	C:\Windows\SYSTEM32\CoreUIComponents.dll
0x00007fff84190000 - 0x00007fff841c3000 	C:\Windows\SYSTEM32\ntmarta.dll
0x00007fff865b0000 - 0x00007fff866c5000 	C:\Windows\System32\MSCTF.dll
0x00007fff83c90000 - 0x00007fff83c9d000 	C:\Windows\SYSTEM32\HID.DLL
0x00007fff86060000 - 0x00007fff864c9000 	C:\Windows\System32\SETUPAPI.DLL
0x00007fff85c80000 - 0x00007fff85ca7000 	C:\Windows\System32\bcrypt.dll
0x00007fff85760000 - 0x00007fff857c0000 	C:\Windows\System32\WINTRUST.dll
0x00007fff85500000 - 0x00007fff8565f000 	C:\Windows\System32\CRYPT32.dll
0x00007fff84f30000 - 0x00007fff84f42000 	C:\Windows\SYSTEM32\MSASN1.dll
0x00007fff56530000 - 0x00007fff56656000 	C:\Windows\SYSTEM32\opengl32.dll
0x00007fff74f00000 - 0x00007fff74f2c000 	C:\Windows\SYSTEM32\GLU32.dll
0x00007fff85fa0000 - 0x00007fff86049000 	C:\Windows\System32\clbcatq.dll
0x00007fff55270000 - 0x00007fff5529b000 	C:\Windows\System32\DriverStore\FileRepository\u0367126.inf_amd64_0be600f035c9a672\B367016\atig6pxx.dll
0x00007fff05c10000 - 0x00007fff089fd000 	C:\Windows\System32\DriverStore\FileRepository\u0367126.inf_amd64_0be600f035c9a672\B367016\atio6axx.dll
0x00007fff86b10000 - 0x00007fff86c3a000 	C:\Windows\System32\ole32.dll
0x00007fff741c0000 - 0x00007fff741e4000 	C:\Windows\SYSTEM32\dxva2.dll
0x00007fff4ed90000 - 0x00007fff4edcc000 	C:\Windows\System32\DriverStore\FileRepository\u0367126.inf_amd64_0be600f035c9a672\B367016\atig6txx.dll
0x00007fff2b6b0000 - 0x00007fff2b863000 	C:\Windows\SYSTEM32\atiadlxx.dll
0x00007fff5ca80000 - 0x00007fff5cad4000 	C:\Windows\SYSTEM32\pdh.dll
0x00007fff7c620000 - 0x00007fff7c65b000 	C:\Windows\SYSTEM32\dxcore.dll
0x00007fff6dc50000 - 0x00007fff6dd49000 	C:\Windows\SYSTEM32\textinputframework.dll
0x00007fff4dc00000 - 0x00007fff4dc59000 	C:\Users\jan\AppData\Local\Temp\lwjgljan\3.2.3-build-13\lwjgl_opengl.dll
0x00007fff49690000 - 0x00007fff49707000 	C:\Users\jan\AppData\Local\Temp\lwjgljan\3.2.3-build-13\lwjgl_stb.dll

dbghelp: loaded successfully - version: 4.0.5 - missing functions: none
symbol engine: initialized successfully - sym options: 0x614 - pdb path: .;C:\Users\jan\.jdks\azul-13.0.5.1\bin;C:\Windows\SYSTEM32;C:\Windows\WinSxS\amd64_microsoft.windows.common-controls_6595b64144ccf1df_6.0.19041.844_none_ca00b6081b84eb1d;C:\Users\jan\.jdks\azul-13.0.5.1\bin\server;C:\Users\jan\AppData\Local\Temp\lwjgljan\3.2.3-build-13;C:\Windows\System32\DriverStore\FileRepository\u0367126.inf_amd64_0be600f035c9a672\B367016

VM Arguments:
jvm_args: -Dfile.encoding=windows-1252 -Duser.country=US -Duser.language=en -Duser.variant 
java_command: educanet.Main
java_class_path (initial): C:\Users\jan\IdeaProjects\GDV\HELP-M&G\animace-origo\build\classes\java\main;C:\Users\jan\IdeaProjects\GDV\HELP-M&G\animace-origo\build\resources\main;C:\Users\jan\.gradle\caches\modules-2\files-2.1\org.lwjgl\lwjgl-assimp\3.2.3\f62aa07a20afbdd3097efc296c4841e0d29700eb\lwjgl-assimp-3.2.3.jar;C:\Users\jan\.gradle\caches\modules-2\files-2.1\org.lwjgl\lwjgl-assimp\3.2.3\4e60aeb75f0343c4a9ede4ef8b6b32ca702a00a3\lwjgl-assimp-3.2.3-natives-windows.jar;C:\Users\jan\.gradle\caches\modules-2\files-2.1\org.lwjgl\lwjgl-glfw\3.2.3\5e520d5c290c8b012545a8d34fa5db5ab051ea53\lwjgl-glfw-3.2.3.jar;C:\Users\jan\.gradle\caches\modules-2\files-2.1\org.lwjgl\lwjgl-glfw\3.2.3\b4d8a3477cdc2edcf7a5f1e822926be846223f54\lwjgl-glfw-3.2.3-natives-windows.jar;C:\Users\jan\.gradle\caches\modules-2\files-2.1\org.lwjgl\lwjgl-openal\3.2.3\106742e805803ab9eab8e343f0fb31a3d263903c\lwjgl-openal-3.2.3.jar;C:\Users\jan\.gradle\caches\modules-2\files-2.1\org.lwjgl\lwjgl-openal\3.2.3\ec898e8ce11b5886f4f532a1536283ef2817758d\lwjgl-openal-3.2.3-natives-windows.jar;C:\Users\jan\.gradle\caches\modules-2\files-2.1\org.lwjgl\lwjgl-opengl\3.2.3\bdd534a323d0c8f54969b95e424b6ac8984f7d6e\lwjgl-opengl-3.2.3.jar;C:\Users\jan\.gradle\caches\modules-2\files-2.1\org.lwjgl\lwjgl-opengl\3.2.3\e81cfc73ec8708e5e791ed770e4ec3edfc1bbab1\lwjgl-opengl-3.2.3-natives-windows.jar;C:\Users\jan\.gradle\caches\modules-2\files-2.1\org.lwjgl\lwjgl-stb\3.2.3\40eccaa4fa86fc815f2e17946a392fb5fdcc286a\lwjgl-stb-3.2.3.jar;C:\Users\jan\.gradle\caches\modules-2\files-2.1\org.lwjgl\lwjgl-stb\3.2.3\817b21ec286f0ba3dcedb56a3bd275e6a9345be9\lwjgl-stb-3.2.3-natives-windows.jar;C:\Users\jan\.gradle\caches\modules-2\files-2.1\org.lwjgl\lwjgl\3.2.3\17a59ba0fe8d474ec9dbe0d5db40d2cfe59c4c08\lwjgl-3.2.3.jar;C:\Users\jan\.gradle\caches\modules-2\files-2.1\org.lwjgl\lwjgl\3.2.3\27f32cd35349684745951e04388e8e00d681cdcd\lwjgl-3.2.3-natives-windows.jar;C:\Users\jan\.gradle\caches\modules-2\files-2.1\org.joml\joml\1.10.0\a29b8bf72dc
Launcher Type: SUN_STANDARD

[Global flags]
     intx CICompilerCount                          = 3                                         {product} {ergonomic}
     uint ConcGCThreads                            = 2                                         {product} {ergonomic}
     uint G1ConcRefinementThreads                  = 6                                         {product} {ergonomic}
   size_t G1HeapRegionSize                         = 1048576                                   {product} {ergonomic}
    uintx GCDrainStackTargetSize                   = 64                                        {product} {ergonomic}
   size_t InitialHeapSize                          = 268435456                                 {product} {ergonomic}
   size_t MarkStackSize                            = 4194304                                   {product} {ergonomic}
   size_t MaxHeapSize                              = 4273995776                                {product} {ergonomic}
   size_t MaxNewSize                               = 2563768320                                {product} {ergonomic}
   size_t MinHeapDeltaBytes                        = 1048576                                   {product} {ergonomic}
   size_t MinHeapSize                              = 8388608                                   {product} {ergonomic}
    uintx NonNMethodCodeHeapSize                   = 5832780                                {pd product} {ergonomic}
    uintx NonProfiledCodeHeapSize                  = 122912730                              {pd product} {ergonomic}
    uintx ProfiledCodeHeapSize                     = 122912730                              {pd product} {ergonomic}
    uintx ReservedCodeCacheSize                    = 251658240                              {pd product} {ergonomic}
     bool SegmentedCodeCache                       = true                                      {product} {ergonomic}
   size_t SoftMaxHeapSize                          = 4273995776                             {manageable} {ergonomic}
     bool UseCompressedClassPointers               = true                                 {lp64_product} {ergonomic}
     bool UseCompressedOops                        = true                                 {lp64_product} {ergonomic}
     bool UseG1GC                                  = true                                      {product} {ergonomic}
     bool UseLargePagesIndividualAllocation        = false                                  {pd product} {ergonomic}

Logging:
Log output configuration:
 #0: stdout all=warning uptime,level,tags
 #1: stderr all=off uptime,level,tags

Environment Variables:
JAVA_HOME=C:\Users\jan\.jdks\openjdk-15.0.1
CLASSPATH=C:\Users\jan\IdeaProjects\Battleships3\json-simple-1-1-1\json-simple-1.1.1.jar
PATH=C:\Python39\Scripts\;C:\Python39\;C:\Windows\system32;C:\Windows;C:\Windows\System32\Wbem;C:\Windows\System32\WindowsPowerShell\v1.0\;C:\Windows\System32\OpenSSH\;C:\Program Files\nodejs\;C:\ProgramData\chocolatey\bin;C:\Program Files\Git\cmd;C:\Program Files\TortoiseGit\bin;C:\Users\jan\apache-maven-3.6.3\bin;C:\Users\jan\AppData\Local\Microsoft\WindowsApps;C:\Program Files\JetBrains\PhpStorm 2020.2.2\bin;;C:\Users\jan\AppData\Roaming\npm;C:\Program Files\JetBrains\IntelliJ IDEA 2020.2.3\bin;;C:\tools\dart-sdk\bin;C:\Users\jan\AppData\Roaming\Pub\Cache\bin;C:\Users\jan\apache-maven-3.6.3\bin;C:\Users\jan\AppData\Local\GitHubDesktop\bin;C:\Users\jan\AppData\Roaming\npm;C:\Users\jan\AppData\Roaming\npm\node_modules\@angular\cli\bin;
USERNAME=jan
OS=Windows_NT
PROCESSOR_IDENTIFIER=Intel64 Family 6 Model 158 Stepping 10, GenuineIntel



---------------  S Y S T E M  ---------------

OS: Windows 10 , 64 bit Build 19041 (10.0.19041.928)
OS uptime: 1 days 1:57 hours

CPU:total 6 (initial active 6) (6 cores per cpu, 1 threads per core) family 6 model 158 stepping 10, cmov, cx8, fxsr, mmx, sse, sse2, sse3, ssse3, sse4.1, sse4.2, popcnt, avx, avx2, aes, clmul, erms, 3dnowpref, lzcnt, tsc, tscinvbit, bmi1, bmi2, adx, fma

Memory: 4k page, system-wide physical 16300M (7950M free)
TotalPageFile size 21164M (AvailPageFile size 9125M)
current process WorkingSet (physical memory assigned to process): 123M, peak: 139M
current process commit charge ("private bytes"): 450M, peak: 468M

vm_info: OpenJDK 64-Bit Server VM (13.0.5.1+1-MTS) for windows-amd64 JRE (13.0.5.1+1-MTS) (Zulu13.35+51-CA), built on Nov  6 2020 07:39:45 by "zulu_re" with MS VC++ 15.9 (VS2017)

END.
